{"ts":1664086488619,"action":"IDE_DEACTIVATED"}
{"ts":1664086493895,"action":"IDE_ACTIVATED"}
{"ts":1664086495698,"action":"IDE_DEACTIVATED"}
{"ts":1664086440077,"action":"PROJECT_OPENED","tags":{"PROJECT_NAME":"SimpleJWT"}}
{"ts":1664086538537,"action":"FILE_OPENED","file":"/SimpleJWT/settings.py","tags":{"FILE_LINE_OF_CODE":"120"}}
{"ts":1664086538563,"action":"FILE_CLOSED","file":"/SimpleJWT/settings.py","tags":{"FILE_LINE_OF_CODE":"120"}}
{"ts":1664086538563,"action":"FILE_OPENED","file":"/SimpleJWT/urls.py","tags":{"FILE_LINE_OF_CODE":"22"}}
{"ts":1664086538573,"action":"IDE_ACTIVATED"}
{"ts":1664086586077,"action":"FILE_CLOSED","file":"/SimpleJWT/urls.py","tags":{"FILE_LINE_OF_CODE":"22"}}
{"ts":1664086586077,"action":"FILE_OPENED","file":"/SimpleJWT/settings.py","tags":{"FILE_LINE_OF_CODE":"120"}}
{"ts":1664086592368,"action":"FILE_CLOSED","file":"/SimpleJWT/settings.py","tags":{"FILE_LINE_OF_CODE":"120"}}
{"ts":1664086592368,"action":"FILE_OPENED","file":"/SimpleJWT_app/views.py","tags":{"FILE_LINE_OF_CODE":"4"}}
{"ts":1664087197417,"action":"IDE_DEACTIVATED"}
{"ts":1664087211702,"action":"IDE_ACTIVATED"}
{"ts":1664087234970,"action":"IDE_DEACTIVATED"}
{"ts":1664087246691,"action":"IDE_ACTIVATED"}
{"ts":1664087253989,"action":"IDE_DEACTIVATED"}
{"ts":1664087256453,"action":"IDE_ACTIVATED"}
{"ts":1664087310457,"action":"IDE_DEACTIVATED"}
{"ts":1664087411223,"action":"IDE_ACTIVATED"}
{"ts":1664087412448,"action":"FILE_CLOSED","file":"/SimpleJWT_app/views.py","tags":{"FILE_LINE_OF_CODE":"5"}}
{"ts":1664087412448,"action":"FILE_OPENED","file":"/SimpleJWT/settings.py","tags":{"FILE_LINE_OF_CODE":"120"}}
{"ts":1664087415940,"action":"IDE_DEACTIVATED"}
{"ts":1664087417220,"action":"IDE_ACTIVATED"}
{"ts":1664087420659,"action":"IDE_DEACTIVATED"}
{"ts":1664087427839,"action":"IDE_ACTIVATED"}
{"ts":1664087456073,"action":"IDE_DEACTIVATED"}
{"ts":1664087712165,"action":"IDE_ACTIVATED"}
{"ts":1664087724963,"action":"IDE_DEACTIVATED"}
{"ts":1664088150972,"action":"IDE_ACTIVATED"}
{"ts":1664088161328,"action":"IDE_DEACTIVATED"}
{"ts":1664088164290,"action":"IDE_ACTIVATED"}
{"ts":1664088170727,"action":"IDE_DEACTIVATED"}
{"ts":1664088171731,"action":"IDE_ACTIVATED"}
{"ts":1664088187686,"action":"IDE_DEACTIVATED"}
{"ts":1664088188837,"action":"IDE_ACTIVATED"}
{"ts":1664088219591,"action":"IDE_DEACTIVATED"}
{"ts":1664088220562,"action":"IDE_ACTIVATED"}
{"ts":1664088242857,"action":"IDE_DEACTIVATED"}
{"ts":1664089005474,"action":"IDE_ACTIVATED"}
{"ts":1664089006592,"action":"FILE_CLOSED","file":"/SimpleJWT/settings.py","tags":{"FILE_LINE_OF_CODE":"137"}}
{"ts":1664089006592,"action":"FILE_OPENED","file":"/SimpleJWT/urls.py","tags":{"FILE_LINE_OF_CODE":"22"}}
{"ts":1664089011235,"action":"IDE_DEACTIVATED"}
{"ts":1664089014379,"action":"IDE_ACTIVATED"}
{"ts":1664089019438,"action":"IDE_DEACTIVATED"}
{"ts":1664089140555,"action":"IDE_ACTIVATED"}
{"ts":1664089148508,"action":"IDE_DEACTIVATED"}
{"ts":1664089149099,"action":"IDE_ACTIVATED"}
{"ts":1664089160555,"action":"IDE_DEACTIVATED"}
{"ts":1664089160652,"action":"IDE_ACTIVATED"}
{"ts":1664089165520,"action":"IDE_DEACTIVATED"}
{"ts":1664089165723,"action":"IDE_ACTIVATED"}
{"ts":1664089172158,"action":"IDE_DEACTIVATED"}
{"ts":1664089172339,"action":"IDE_ACTIVATED"}
{"ts":1664089173715,"action":"IDE_DEACTIVATED"}
{"ts":1664089173897,"action":"IDE_ACTIVATED"}
{"ts":1664089174453,"action":"IDE_DEACTIVATED"}
{"ts":1664089174593,"action":"IDE_ACTIVATED"}
{"ts":1664089187830,"action":"IDE_DEACTIVATED"}
{"ts":1664089194053,"action":"IDE_ACTIVATED"}
{"ts":1664089196979,"action":"IDE_DEACTIVATED"}
{"ts":1664089197545,"action":"IDE_ACTIVATED"}
{"ts":1664089201720,"action":"IDE_DEACTIVATED"}
{"ts":1664089201810,"action":"IDE_ACTIVATED"}
{"ts":1664089425760,"action":"IDE_DEACTIVATED"}
{"ts":1664089432956,"action":"IDE_ACTIVATED"}
{"ts":1664089468310,"action":"IDE_DEACTIVATED"}
{"ts":1664089470358,"action":"IDE_ACTIVATED"}
{"ts":1664089501133,"action":"IDE_DEACTIVATED"}
{"ts":1664089528673,"action":"IDE_ACTIVATED"}
{"ts":1664089532038,"action":"FILE_CLOSED","file":"/SimpleJWT/urls.py","tags":{"FILE_LINE_OF_CODE":"25"}}
{"ts":1664089532038,"action":"FILE_OPENED","file":"/SimpleJWT/settings.py","tags":{"FILE_LINE_OF_CODE":"137"}}
{"ts":1664089532493,"action":"FILE_CLOSED","file":"/SimpleJWT/settings.py","tags":{"FILE_LINE_OF_CODE":"137"}}
{"ts":1664089532493,"action":"FILE_OPENED","file":"/SimpleJWT_app/views.py","tags":{"FILE_LINE_OF_CODE":"5"}}
{"ts":1664089533471,"action":"FILE_CLOSED","file":"/SimpleJWT_app/views.py","tags":{"FILE_LINE_OF_CODE":"5"}}
{"ts":1664089533471,"action":"FILE_OPENED","file":"/SimpleJWT/settings.py","tags":{"FILE_LINE_OF_CODE":"137"}}
{"ts":1664089533510,"action":"FILE_CLOSED","file":"/SimpleJWT/settings.py","tags":{"FILE_LINE_OF_CODE":"137"}}
{"ts":1664089533510,"action":"FILE_OPENED","file":"/SimpleJWT_app/views.py","tags":{"FILE_LINE_OF_CODE":"5"}}
{"ts":1664089535151,"action":"IDE_DEACTIVATED"}
{"ts":1664089556903,"action":"IDE_ACTIVATED"}
{"ts":1664089571351,"action":"IDE_DEACTIVATED"}
{"ts":1664089612930,"action":"IDE_ACTIVATED"}
{"ts":1664089616014,"action":"IDE_DEACTIVATED"}
{"ts":1664089616113,"action":"IDE_ACTIVATED"}
{"ts":1664089630501,"action":"IDE_DEACTIVATED"}
{"ts":1664089632002,"action":"IDE_ACTIVATED"}
{"ts":1664089638517,"action":"IDE_DEACTIVATED"}
{"ts":1664089639395,"action":"IDE_ACTIVATED"}
{"ts":1664089651654,"action":"IDE_DEACTIVATED"}
{"ts":1664089652763,"action":"IDE_ACTIVATED"}
{"ts":1664089656142,"action":"IDE_DEACTIVATED"}
{"ts":1664089656648,"action":"IDE_ACTIVATED"}
{"ts":1664089658390,"action":"IDE_DEACTIVATED"}
{"ts":1664089658866,"action":"IDE_ACTIVATED"}
{"ts":1664089676018,"action":"FILE_CLOSED","file":"/SimpleJWT_app/views.py","tags":{"FILE_LINE_OF_CODE":"5"}}
{"ts":1664089676018,"action":"FILE_OPENED","file":"/SimpleJWT_app/management/commands/__init__.py","tags":{"FILE_LINE_OF_CODE":"1"}}
{"ts":1664089685315,"action":"FILE_CLOSED","file":"/SimpleJWT_app/management/commands/__init__.py","tags":{"FILE_LINE_OF_CODE":"1"}}
{"ts":1664089685315,"action":"FILE_OPENED","file":"/SimpleJWT_app/management/commands/super_user.py","tags":{"FILE_LINE_OF_CODE":"154"}}
{"ts":1664089742049,"action":"FILE_CLOSED","file":"/SimpleJWT_app/management/commands/super_user.py","tags":{"FILE_LINE_OF_CODE":"145"}}
{"ts":1664089742049,"action":"FILE_OPENED","file":"/SimpleJWT_app/models.py","tags":{"FILE_LINE_OF_CODE":"4"}}
{"ts":1664089743254,"action":"IDE_DEACTIVATED"}
{"ts":1664089743906,"action":"IDE_ACTIVATED"}
{"ts":1664089750547,"action":"IDE_DEACTIVATED"}
{"ts":1664089752059,"action":"IDE_ACTIVATED"}
{"ts":1664089752526,"action":"IDE_DEACTIVATED"}
{"ts":1664089752801,"action":"IDE_ACTIVATED"}
{"ts":1664089753902,"action":"IDE_DEACTIVATED"}
{"ts":1664089754312,"action":"IDE_ACTIVATED"}
{"ts":1664089758676,"action":"FILE_CLOSED","file":"/SimpleJWT_app/models.py","tags":{"FILE_LINE_OF_CODE":"5"}}
{"ts":1664089758676,"action":"FILE_OPENED","file":"/SimpleJWT_app/management/commands/super_user.py","tags":{"FILE_LINE_OF_CODE":"145"}}
{"ts":1664090716062,"action":"IDE_DEACTIVATED"}
{"ts":1664090718065,"action":"IDE_ACTIVATED"}
{"ts":1664090728948,"action":"IDE_DEACTIVATED"}
{"ts":1664090729400,"action":"IDE_ACTIVATED"}
{"ts":1664090742570,"action":"FILE_CLOSED","file":"/SimpleJWT_app/management/commands/super_user.py","tags":{"FILE_LINE_OF_CODE":"86"}}
{"ts":1664090742570,"action":"FILE_OPENED","file":"/commands.txt","tags":{"FILE_LINE_OF_CODE":"0"}}
{"ts":1664090744532,"action":"IDE_DEACTIVATED"}
{"ts":1664090745670,"action":"IDE_ACTIVATED"}
{"ts":1664090750341,"action":"IDE_DEACTIVATED"}
{"ts":1664090750816,"action":"IDE_ACTIVATED"}
{"ts":1664090795337,"action":"FILE_CLOSED","file":"/commands.txt","tags":{"FILE_LINE_OF_CODE":"4"}}
{"ts":1664090795337,"action":"FILE_OPENED","file":"/SimpleJWT_app/views.py","tags":{"FILE_LINE_OF_CODE":"5"}}
{"ts":1664090865851,"action":"IDE_DEACTIVATED"}
{"ts":1664090870495,"action":"IDE_ACTIVATED"}
{"ts":1664090878237,"action":"IDE_DEACTIVATED"}
{"ts":1664090878809,"action":"IDE_ACTIVATED"}
{"ts":1664090973550,"action":"FILE_CLOSED","file":"/SimpleJWT_app/views.py","tags":{"FILE_LINE_OF_CODE":"5"}}
{"ts":1664090973550,"action":"FILE_OPENED","file":"/SimpleJWT_app/management/commands/__init__.py","tags":{"FILE_LINE_OF_CODE":"1"}}
{"ts":1664090974569,"action":"FILE_CLOSED","file":"/SimpleJWT_app/management/commands/__init__.py","tags":{"FILE_LINE_OF_CODE":"1"}}
{"ts":1664090974569,"action":"FILE_OPENED","file":"/SimpleJWT_app/views.py","tags":{"FILE_LINE_OF_CODE":"5"}}
{"ts":1664090975970,"action":"FILE_CLOSED","file":"/SimpleJWT_app/views.py","tags":{"FILE_LINE_OF_CODE":"5"}}
{"ts":1664090975970,"action":"FILE_OPENED","file":"/SimpleJWT/urls.py","tags":{"FILE_LINE_OF_CODE":"25"}}
{"ts":1664091038685,"action":"IDE_DEACTIVATED"}
{"ts":1664091058688,"action":"IDE_ACTIVATED"}
{"ts":1664091428325,"action":"IDE_DEACTIVATED"}
{"ts":1664091511337,"action":"IDE_ACTIVATED"}
{"ts":1664091512954,"action":"FILE_CLOSED","file":"/SimpleJWT/urls.py","tags":{"FILE_LINE_OF_CODE":"25"}}
{"ts":1664091512955,"action":"FILE_OPENED","file":"/commands.txt","tags":{"FILE_LINE_OF_CODE":"4"}}
{"ts":1664091517818,"action":"IDE_DEACTIVATED"}
{"ts":1664091527568,"action":"IDE_ACTIVATED"}
{"ts":1664091530379,"action":"IDE_DEACTIVATED"}
{"ts":1664091530987,"action":"IDE_ACTIVATED"}
{"ts":1664091542364,"action":"IDE_DEACTIVATED"}
{"ts":1664091543511,"action":"IDE_ACTIVATED"}
{"ts":1664091544812,"action":"IDE_DEACTIVATED"}
{"ts":1664091575616,"action":"IDE_ACTIVATED"}
{"ts":1664091578939,"action":"IDE_DEACTIVATED"}
{"ts":1664091579492,"action":"IDE_ACTIVATED"}
{"ts":1664091580630,"action":"IDE_DEACTIVATED"}
{"ts":1664091581221,"action":"IDE_ACTIVATED"}
{"ts":1664091582172,"action":"IDE_DEACTIVATED"}
{"ts":1664091589319,"action":"IDE_ACTIVATED"}
{"ts":1664091591683,"action":"IDE_DEACTIVATED"}
{"ts":1664091604330,"action":"IDE_ACTIVATED"}
{"ts":1664091617570,"action":"IDE_DEACTIVATED"}
{"ts":1664091629455,"action":"IDE_ACTIVATED"}
{"ts":1664091830843,"action":"IDE_DEACTIVATED"}
{"ts":1664091851600,"action":"IDE_ACTIVATED"}
{"ts":1664091853770,"action":"FILE_CLOSED","file":"/commands.txt","tags":{"FILE_LINE_OF_CODE":"4"}}
{"ts":1664091853770,"action":"FILE_OPENED","file":"/SimpleJWT/settings.py","tags":{"FILE_LINE_OF_CODE":"137"}}
{"ts":1664091862450,"action":"FILE_CLOSED","file":"/SimpleJWT/settings.py","tags":{"FILE_LINE_OF_CODE":"137"}}
{"ts":1664091862450,"action":"FILE_OPENED","file":"/SimpleJWT_app/views.py","tags":{"FILE_LINE_OF_CODE":"5"}}
{"ts":1664091864143,"action":"IDE_DEACTIVATED"}
{"ts":1664092027543,"action":"IDE_ACTIVATED"}
{"ts":1664092036158,"action":"IDE_DEACTIVATED"}
{"ts":1664092050238,"action":"IDE_ACTIVATED"}
{"ts":1664092050823,"action":"IDE_DEACTIVATED"}
{"ts":1664092051237,"action":"IDE_ACTIVATED"}
{"ts":1664092214797,"action":"IDE_DEACTIVATED"}
{"ts":1664092216286,"action":"IDE_ACTIVATED"}
{"ts":1664092239499,"action":"IDE_DEACTIVATED"}
{"ts":1664092240157,"action":"IDE_ACTIVATED"}
{"ts":1664092252695,"action":"IDE_DEACTIVATED"}
{"ts":1664092253181,"action":"IDE_ACTIVATED"}
{"ts":1664092255457,"action":"IDE_DEACTIVATED"}
{"ts":1664092256239,"action":"IDE_ACTIVATED"}
{"ts":1664092276947,"action":"IDE_DEACTIVATED"}
{"ts":1664092277821,"action":"IDE_ACTIVATED"}
{"ts":1664092407949,"action":"IDE_DEACTIVATED"}
{"ts":1664092408487,"action":"IDE_ACTIVATED"}
{"ts":1664092418431,"action":"IDE_DEACTIVATED"}
{"ts":1664092419269,"action":"IDE_ACTIVATED"}
{"ts":1664092656192,"action":"IDE_DEACTIVATED"}
{"ts":1664092658098,"action":"IDE_ACTIVATED"}
{"ts":1664092668962,"action":"IDE_DEACTIVATED"}
{"ts":1664092669329,"action":"IDE_ACTIVATED"}
{"ts":1664092672213,"action":"IDE_DEACTIVATED"}
{"ts":1664092673796,"action":"IDE_ACTIVATED"}
{"ts":1664092680094,"action":"IDE_DEACTIVATED"}
{"ts":1664092680556,"action":"IDE_ACTIVATED"}
{"ts":1664092695683,"action":"IDE_DEACTIVATED"}
{"ts":1664092697156,"action":"IDE_ACTIVATED"}
{"ts":1664092704911,"action":"IDE_DEACTIVATED"}
{"ts":1664092705387,"action":"IDE_ACTIVATED"}
{"ts":1664092713706,"action":"IDE_DEACTIVATED"}
{"ts":1664092718096,"action":"IDE_ACTIVATED"}
{"ts":1664092721049,"action":"FILE_CLOSED","file":"/SimpleJWT_app/views.py","tags":{"FILE_LINE_OF_CODE":"19"}}
{"ts":1664092721049,"action":"FILE_OPENED","file":"/SimpleJWT/urls.py","tags":{"FILE_LINE_OF_CODE":"25"}}
{"ts":1664092762085,"action":"FILE_CLOSED","file":"/SimpleJWT/urls.py","tags":{"FILE_LINE_OF_CODE":"27"}}
{"ts":1664092762085,"action":"FILE_OPENED","file":"/SimpleJWT_app/views.py","tags":{"FILE_LINE_OF_CODE":"19"}}
{"ts":1664093582570,"action":"IDE_DEACTIVATED"}
{"ts":1664093601897,"action":"IDE_ACTIVATED"}
{"ts":1664093672792,"action":"IDE_DEACTIVATED"}
{"ts":1664093676598,"action":"IDE_ACTIVATED"}
{"ts":1664093680484,"action":"IDE_DEACTIVATED"}
{"ts":1664093708438,"action":"IDE_ACTIVATED"}
{"ts":1664093755953,"action":"IDE_DEACTIVATED"}
{"ts":1664093879546,"action":"IDE_ACTIVATED"}
{"ts":1664093882232,"action":"IDE_DEACTIVATED"}
{"ts":1664094311130,"action":"IDE_ACTIVATED"}
{"ts":1664094332805,"action":"IDE_DEACTIVATED"}
{"ts":1664094335089,"action":"IDE_ACTIVATED"}
{"ts":1664094345617,"action":"IDE_DEACTIVATED"}
{"ts":1664094529989,"action":"IDE_ACTIVATED"}
{"ts":1664094531656,"action":"IDE_DEACTIVATED"}
{"ts":1664094532401,"action":"IDE_ACTIVATED"}
{"ts":1664094578929,"action":"IDE_DEACTIVATED"}
{"ts":1664094579592,"action":"IDE_ACTIVATED"}
{"ts":1664094587880,"action":"IDE_DEACTIVATED"}
{"ts":1664094587953,"action":"IDE_ACTIVATED"}
{"ts":1664094598130,"action":"IDE_DEACTIVATED"}
{"ts":1664094599707,"action":"IDE_ACTIVATED"}
{"ts":1664094604023,"action":"IDE_DEACTIVATED"}
{"ts":1664094604506,"action":"IDE_ACTIVATED"}
{"ts":1664094610080,"action":"IDE_DEACTIVATED"}
{"ts":1664094610968,"action":"IDE_ACTIVATED"}
{"ts":1664094767919,"action":"IDE_DEACTIVATED"}
{"ts":1664094783116,"action":"IDE_ACTIVATED"}
{"ts":1664095096440,"action":"IDE_DEACTIVATED"}
{"ts":1664095120060,"action":"IDE_ACTIVATED"}
{"ts":1664095123539,"action":"IDE_DEACTIVATED"}
{"ts":1664095123954,"action":"IDE_ACTIVATED"}
{"ts":1664095134512,"action":"IDE_DEACTIVATED"}
{"ts":1664095135259,"action":"IDE_ACTIVATED"}
{"ts":1664095140362,"action":"IDE_DEACTIVATED"}
{"ts":1664095140710,"action":"IDE_ACTIVATED"}
{"ts":1664095147423,"action":"IDE_DEACTIVATED"}
{"ts":1664095147972,"action":"IDE_ACTIVATED"}
{"ts":1664095159075,"action":"IDE_DEACTIVATED"}
{"ts":1664095289804,"action":"IDE_ACTIVATED"}
{"ts":1664101245457,"action":"IDE_DEACTIVATED"}
{"ts":1664101249944,"action":"IDE_ACTIVATED"}
{"ts":1664102962162,"action":"IDE_DEACTIVATED"}
{"ts":1664103011935,"action":"IDE_ACTIVATED"}
{"ts":1664103014874,"action":"IDE_DEACTIVATED"}
{"ts":1664103015258,"action":"IDE_ACTIVATED"}
{"ts":1664103045425,"action":"IDE_DEACTIVATED"}
{"ts":1664103046625,"action":"IDE_ACTIVATED"}
{"ts":1664103058701,"action":"IDE_DEACTIVATED"}
{"ts":1664103059190,"action":"IDE_ACTIVATED"}
{"ts":1664103066172,"action":"IDE_DEACTIVATED"}
{"ts":1664103066648,"action":"IDE_ACTIVATED"}
{"ts":1664103067877,"action":"IDE_DEACTIVATED"}
{"ts":1664103068367,"action":"IDE_ACTIVATED"}
{"ts":1664103231847,"action":"FILE_CLOSED","file":"/SimpleJWT_app/views.py","tags":{"FILE_LINE_OF_CODE":"25"}}
{"ts":1664103231847,"action":"FILE_OPENED","file":"/SimpleJWT_app/encryption/encryption_rsa.py","tags":{"FILE_LINE_OF_CODE":"38"}}
{"ts":1664103267171,"action":"IDE_DEACTIVATED"}
{"ts":1664103271261,"action":"IDE_ACTIVATED"}
{"ts":1664103285410,"action":"IDE_DEACTIVATED"}
{"ts":1664103285821,"action":"IDE_ACTIVATED"}
{"ts":1664103299127,"action":"IDE_DEACTIVATED"}
{"ts":1664103299583,"action":"IDE_ACTIVATED"}
{"ts":1664103315641,"action":"FILE_CLOSED","file":"/SimpleJWT_app/encryption/encryption_rsa.py","tags":{"FILE_LINE_OF_CODE":"38"}}
{"ts":1664103315641,"action":"FILE_OPENED","file":"/SimpleJWT/settings.py","tags":{"FILE_LINE_OF_CODE":"137"}}
{"ts":1664103339017,"action":"FILE_CLOSED","file":"/SimpleJWT/settings.py","tags":{"FILE_LINE_OF_CODE":"141"}}
{"ts":1664103339017,"action":"FILE_OPENED","file":"/SimpleJWT_app/encryption/encryption_rsa.py","tags":{"FILE_LINE_OF_CODE":"38"}}
{"ts":1664103349935,"action":"FILE_CLOSED","file":"/SimpleJWT_app/encryption/encryption_rsa.py","tags":{"FILE_LINE_OF_CODE":"38"}}
{"ts":1664103349935,"action":"FILE_OPENED","file":"/SimpleJWT_app/views.py","tags":{"FILE_LINE_OF_CODE":"25"}}
{"ts":1664103356359,"action":"FILE_CLOSED","file":"/SimpleJWT_app/views.py","tags":{"FILE_LINE_OF_CODE":"25"}}
{"ts":1664103356359,"action":"FILE_OPENED","file":"/SimpleJWT_app/encryption/encryption_rsa.py","tags":{"FILE_LINE_OF_CODE":"38"}}
{"ts":1664103361703,"action":"IDE_DEACTIVATED"}
{"ts":1664103375453,"action":"IDE_ACTIVATED"}
{"ts":1664103424635,"action":"IDE_DEACTIVATED"}
{"ts":1664103445261,"action":"IDE_ACTIVATED"}
{"ts":1664103448250,"action":"IDE_DEACTIVATED"}
{"ts":1664103448622,"action":"IDE_ACTIVATED"}
{"ts":1664103476586,"action":"IDE_DEACTIVATED"}
{"ts":1664103480829,"action":"IDE_ACTIVATED"}
{"ts":1664103498673,"action":"IDE_DEACTIVATED"}
{"ts":1664103499109,"action":"IDE_ACTIVATED"}
{"ts":1664103580679,"action":"FILE_CLOSED","file":"/SimpleJWT_app/encryption/encryption_rsa.py","tags":{"FILE_LINE_OF_CODE":"38"}}
{"ts":1664103580679,"action":"FILE_OPENED","file":"/SimpleJWT_app/views.py","tags":{"FILE_LINE_OF_CODE":"25"}}
{"ts":1664103583980,"action":"FILE_CLOSED","file":"/SimpleJWT_app/views.py","tags":{"FILE_LINE_OF_CODE":"25"}}
{"ts":1664103583980,"action":"FILE_OPENED","file":"/SimpleJWT_app/encryption/encryption_rsa.py","tags":{"FILE_LINE_OF_CODE":"38"}}
{"ts":1664103588485,"action":"IDE_DEACTIVATED"}
{"ts":1664103589358,"action":"IDE_ACTIVATED"}
{"ts":1664103592627,"action":"IDE_DEACTIVATED"}
{"ts":1664103593172,"action":"IDE_ACTIVATED"}
{"ts":1664103647952,"action":"IDE_DEACTIVATED"}
{"ts":1664103650391,"action":"IDE_ACTIVATED"}
{"ts":1664103657058,"action":"IDE_DEACTIVATED"}
{"ts":1664103657541,"action":"IDE_ACTIVATED"}
{"ts":1664103819262,"action":"IDE_DEACTIVATED"}
{"ts":1664103826366,"action":"IDE_ACTIVATED"}
{"ts":1664103835784,"action":"FILE_CLOSED","file":"/SimpleJWT_app/encryption/encryption_rsa.py","tags":{"FILE_LINE_OF_CODE":"38"}}
{"ts":1664103835815,"action":"PROJECT_CLOSED","tags":{"PROJECT_NAME":"SimpleJWT"}}
{"ts":1664260378702,"action":"FILE_OPENED","file":"/SimpleJWT_app/views.py","tags":{"FILE_LINE_OF_CODE":"25"}}
{"ts":1664260378900,"action":"PROJECT_OPENED","tags":{"PROJECT_NAME":"SimpleJWT"}}
{"ts":1664260379302,"action":"FILE_CLOSED","file":"/SimpleJWT_app/views.py","tags":{"FILE_LINE_OF_CODE":"25"}}
{"ts":1664260379302,"action":"FILE_OPENED","file":"/SimpleJWT_app/encryption/encryption_rsa.py","tags":{"FILE_LINE_OF_CODE":"38"}}
{"ts":1664260528118,"action":"IDE_DEACTIVATED"}
{"ts":1664260532146,"action":"IDE_ACTIVATED"}
{"ts":1664260548668,"action":"IDE_DEACTIVATED"}
{"ts":1664260691250,"action":"IDE_ACTIVATED"}
{"ts":1664260788187,"action":"IDE_DEACTIVATED"}
{"ts":1664261122210,"action":"IDE_ACTIVATED"}
{"ts":1664261150054,"action":"FILE_CLOSED","file":"/SimpleJWT_app/encryption/encryption_rsa.py","tags":{"FILE_LINE_OF_CODE":"39"}}
{"ts":1664261150055,"action":"FILE_OPENED","file":"/SimpleJWT_app/views.py","tags":{"FILE_LINE_OF_CODE":"25"}}
{"ts":1664261153058,"action":"FILE_CLOSED","file":"/SimpleJWT_app/views.py","tags":{"FILE_LINE_OF_CODE":"25"}}
{"ts":1664261153058,"action":"FILE_OPENED","file":"/SimpleJWT/urls.py","tags":{"FILE_LINE_OF_CODE":"27"}}
{"ts":1664261158413,"action":"FILE_CLOSED","file":"/SimpleJWT/urls.py","tags":{"FILE_LINE_OF_CODE":"27"}}
{"ts":1664261158413,"action":"FILE_OPENED","file":"/SimpleJWT_app/views.py","tags":{"FILE_LINE_OF_CODE":"25"}}
{"ts":1664261435646,"action":"IDE_DEACTIVATED"}
{"ts":1664261438898,"action":"IDE_ACTIVATED"}
{"ts":1664261448737,"action":"IDE_DEACTIVATED"}
{"ts":1664261449543,"action":"IDE_ACTIVATED"}
{"ts":1664261453095,"action":"IDE_DEACTIVATED"}
{"ts":1664261453488,"action":"IDE_ACTIVATED"}
{"ts":1664261459987,"action":"IDE_DEACTIVATED"}
{"ts":1664261460633,"action":"IDE_ACTIVATED"}
{"ts":1664261506082,"action":"IDE_DEACTIVATED"}
{"ts":1664261507776,"action":"IDE_ACTIVATED"}
{"ts":1664261636278,"action":"IDE_DEACTIVATED"}
{"ts":1664261648625,"action":"IDE_ACTIVATED"}
{"ts":1664261652230,"action":"IDE_DEACTIVATED"}
{"ts":1664261652612,"action":"IDE_ACTIVATED"}
{"ts":1664261685535,"action":"IDE_DEACTIVATED"}
{"ts":1664261687557,"action":"IDE_ACTIVATED"}
{"ts":1664261690760,"action":"IDE_DEACTIVATED"}
{"ts":1664261691153,"action":"IDE_ACTIVATED"}
{"ts":1664261692729,"action":"FILE_CLOSED","file":"/SimpleJWT_app/views.py","tags":{"FILE_LINE_OF_CODE":"39"}}
{"ts":1664261692729,"action":"FILE_OPENED","file":"/SimpleJWT/settings.py","tags":{"FILE_LINE_OF_CODE":"141"}}
{"ts":1664261705511,"action":"IDE_DEACTIVATED"}
{"ts":1664261706097,"action":"IDE_ACTIVATED"}
{"ts":1664261706686,"action":"IDE_DEACTIVATED"}
{"ts":1664261707082,"action":"IDE_ACTIVATED"}
{"ts":1664261708319,"action":"IDE_DEACTIVATED"}
{"ts":1664261709077,"action":"IDE_ACTIVATED"}
{"ts":1664261712486,"action":"IDE_DEACTIVATED"}
{"ts":1664261712913,"action":"IDE_ACTIVATED"}
{"ts":1664261714503,"action":"IDE_DEACTIVATED"}
{"ts":1664261714905,"action":"IDE_ACTIVATED"}
{"ts":1664261719871,"action":"IDE_DEACTIVATED"}
{"ts":1664261720001,"action":"IDE_ACTIVATED"}
{"ts":1664261721445,"action":"IDE_DEACTIVATED"}
{"ts":1664261721576,"action":"IDE_ACTIVATED"}
{"ts":1664261736446,"action":"FILE_CLOSED","file":"/SimpleJWT/settings.py","tags":{"FILE_LINE_OF_CODE":"145"}}
{"ts":1664261736446,"action":"FILE_OPENED","file":"/SimpleJWT_app/views.py","tags":{"FILE_LINE_OF_CODE":"39"}}
{"ts":1664261743136,"action":"FILE_CLOSED","file":"/SimpleJWT_app/views.py","tags":{"FILE_LINE_OF_CODE":"39"}}
{"ts":1664261743136,"action":"FILE_OPENED","file":"/SimpleJWT/settings.py","tags":{"FILE_LINE_OF_CODE":"145"}}
{"ts":1664261744902,"action":"IDE_DEACTIVATED"}
{"ts":1664261745514,"action":"IDE_ACTIVATED"}
{"ts":1664261748805,"action":"IDE_DEACTIVATED"}
{"ts":1664261749179,"action":"IDE_ACTIVATED"}
{"ts":1664261750966,"action":"IDE_DEACTIVATED"}
{"ts":1664261751833,"action":"IDE_ACTIVATED"}
{"ts":1664261753894,"action":"IDE_DEACTIVATED"}
{"ts":1664261754962,"action":"IDE_ACTIVATED"}
{"ts":1664261756647,"action":"IDE_DEACTIVATED"}
{"ts":1664261756985,"action":"IDE_ACTIVATED"}
{"ts":1664261757939,"action":"FILE_CLOSED","file":"/SimpleJWT/settings.py","tags":{"FILE_LINE_OF_CODE":"145"}}
{"ts":1664261757939,"action":"FILE_OPENED","file":"/SimpleJWT_app/views.py","tags":{"FILE_LINE_OF_CODE":"39"}}
{"ts":1664261762807,"action":"IDE_DEACTIVATED"}
{"ts":1664261763298,"action":"IDE_ACTIVATED"}
{"ts":1664261775295,"action":"IDE_DEACTIVATED"}
{"ts":1664261775762,"action":"IDE_ACTIVATED"}
{"ts":1664261860464,"action":"IDE_DEACTIVATED"}
{"ts":1664261863633,"action":"IDE_ACTIVATED"}
{"ts":1664261865344,"action":"IDE_DEACTIVATED"}
{"ts":1664261890348,"action":"IDE_ACTIVATED"}
{"ts":1664261893015,"action":"IDE_DEACTIVATED"}
{"ts":1664261893385,"action":"IDE_ACTIVATED"}
{"ts":1664261898077,"action":"IDE_DEACTIVATED"}
{"ts":1664261903780,"action":"IDE_ACTIVATED"}
{"ts":1664261911849,"action":"FILE_CLOSED","file":"/SimpleJWT_app/views.py","tags":{"FILE_LINE_OF_CODE":"39"}}
{"ts":1664261913364,"action":"FILE_OPENED","file":"/SimpleJWT_app/views.py","tags":{"FILE_LINE_OF_CODE":"39"}}
{"ts":1664262302887,"action":"IDE_DEACTIVATED"}
{"ts":1664262657845,"action":"IDE_ACTIVATED"}
{"ts":1664262658755,"action":"IDE_DEACTIVATED"}
{"ts":1664262659645,"action":"IDE_ACTIVATED"}
{"ts":1664262810197,"action":"IDE_DEACTIVATED"}
{"ts":1664262830611,"action":"IDE_ACTIVATED"}
{"ts":1664262832455,"action":"FILE_CLOSED","file":"/SimpleJWT_app/views.py","tags":{"FILE_LINE_OF_CODE":"39"}}
{"ts":1664262832455,"action":"FILE_OPENED","file":"/SimpleJWT/settings.py","tags":{"FILE_LINE_OF_CODE":"145"}}
{"ts":1664262837717,"action":"IDE_DEACTIVATED"}
{"ts":1664262838608,"action":"IDE_ACTIVATED"}
{"ts":1664262952228,"action":"IDE_DEACTIVATED"}
{"ts":1664262969043,"action":"IDE_ACTIVATED"}
{"ts":1664263010114,"action":"IDE_DEACTIVATED"}
{"ts":1664263010986,"action":"IDE_ACTIVATED"}
{"ts":1664263011844,"action":"IDE_DEACTIVATED"}
{"ts":1664263012273,"action":"IDE_ACTIVATED"}
{"ts":1664263020575,"action":"IDE_DEACTIVATED"}
{"ts":1664263021065,"action":"IDE_ACTIVATED"}
{"ts":1664263048865,"action":"IDE_DEACTIVATED"}
{"ts":1664263050299,"action":"IDE_ACTIVATED"}
{"ts":1664263059445,"action":"IDE_DEACTIVATED"}
{"ts":1664263061417,"action":"IDE_ACTIVATED"}
{"ts":1664263073324,"action":"IDE_DEACTIVATED"}
{"ts":1664263080608,"action":"IDE_ACTIVATED"}
{"ts":1664263082947,"action":"FILE_CLOSED","file":"/SimpleJWT/settings.py","tags":{"FILE_LINE_OF_CODE":"146"}}
{"ts":1664263082947,"action":"FILE_OPENED","file":"/SimpleJWT_app/views.py","tags":{"FILE_LINE_OF_CODE":"39"}}
{"ts":1664263138141,"action":"IDE_DEACTIVATED"}
{"ts":1664263178690,"action":"IDE_ACTIVATED"}
{"ts":1664263197415,"action":"IDE_DEACTIVATED"}
{"ts":1664263221745,"action":"IDE_ACTIVATED"}
{"ts":1664263255309,"action":"IDE_DEACTIVATED"}
{"ts":1664263256034,"action":"IDE_ACTIVATED"}
{"ts":1664263258088,"action":"IDE_DEACTIVATED"}
{"ts":1664263259306,"action":"IDE_ACTIVATED"}
{"ts":1664263259828,"action":"IDE_DEACTIVATED"}
{"ts":1664263260336,"action":"IDE_ACTIVATED"}
{"ts":1664263261215,"action":"IDE_DEACTIVATED"}
{"ts":1664263261616,"action":"IDE_ACTIVATED"}
{"ts":1664263328829,"action":"IDE_DEACTIVATED"}
{"ts":1664263329281,"action":"IDE_ACTIVATED"}
{"ts":1664263331194,"action":"FILE_CLOSED","file":"/SimpleJWT_app/views.py","tags":{"FILE_LINE_OF_CODE":"39"}}
{"ts":1664263331194,"action":"FILE_OPENED","file":"/SimpleJWT/settings.py","tags":{"FILE_LINE_OF_CODE":"146"}}
{"ts":1664263424614,"action":"FILE_CLOSED","file":"/SimpleJWT/settings.py","tags":{"FILE_LINE_OF_CODE":"147"}}
{"ts":1664263424614,"action":"FILE_OPENED","file":"/SimpleJWT_app/views.py","tags":{"FILE_LINE_OF_CODE":"39"}}
{"ts":1664263433844,"action":"IDE_DEACTIVATED"}
{"ts":1664263455576,"action":"IDE_ACTIVATED"}
{"ts":1664263477526,"action":"IDE_DEACTIVATED"}
{"ts":1664263478569,"action":"IDE_ACTIVATED"}
{"ts":1664263612276,"action":"IDE_DEACTIVATED"}
{"ts":1664263612930,"action":"IDE_ACTIVATED"}
{"ts":1664263637885,"action":"IDE_DEACTIVATED"}
{"ts":1664263638873,"action":"IDE_ACTIVATED"}
{"ts":1664263643240,"action":"IDE_DEACTIVATED"}
{"ts":1664263643898,"action":"IDE_ACTIVATED"}
{"ts":1664263704633,"action":"FILE_CLOSED","file":"/SimpleJWT_app/views.py","tags":{"FILE_LINE_OF_CODE":"51"}}
{"ts":1664263704633,"action":"FILE_OPENED","file":"/SimpleJWT_app/encryption/key_save.py","tags":{"FILE_LINE_OF_CODE":"0"}}
{"ts":1664263727518,"action":"FILE_CLOSED","file":"/SimpleJWT_app/encryption/key_save.py","tags":{"FILE_LINE_OF_CODE":"2"}}
{"ts":1664263727518,"action":"FILE_OPENED","file":"/SimpleJWT_app/encryption/__init__.py","tags":{"FILE_LINE_OF_CODE":"1"}}
{"ts":1664263738410,"action":"FILE_CLOSED","file":"/SimpleJWT_app/encryption/__init__.py","tags":{"FILE_LINE_OF_CODE":"1"}}
{"ts":1664263738410,"action":"FILE_OPENED","file":"/SimpleJWT_app/encryption/key_save.py","tags":{"FILE_LINE_OF_CODE":"2"}}
{"ts":1664264024897,"action":"FILE_CLOSED","file":"/SimpleJWT_app/encryption/key_save.py","tags":{"FILE_LINE_OF_CODE":"3"}}
{"ts":1664264024897,"action":"FILE_OPENED","file":"/SimpleJWT_app/views.py","tags":{"FILE_LINE_OF_CODE":"51"}}
{"ts":1664264036341,"action":"IDE_DEACTIVATED"}
{"ts":1664264037161,"action":"IDE_ACTIVATED"}
{"ts":1664264049617,"action":"IDE_DEACTIVATED"}
{"ts":1664264050562,"action":"IDE_ACTIVATED"}
{"ts":1664264052074,"action":"FILE_CLOSED","file":"/SimpleJWT_app/views.py","tags":{"FILE_LINE_OF_CODE":"51"}}
{"ts":1664264052074,"action":"FILE_OPENED","file":"/SimpleJWT_app/apps.py","tags":{"FILE_LINE_OF_CODE":"7"}}
{"ts":1664264092929,"action":"FILE_CLOSED","file":"/SimpleJWT_app/apps.py","tags":{"FILE_LINE_OF_CODE":"13"}}
{"ts":1664264092929,"action":"FILE_OPENED","file":"/SimpleJWT_app/views.py","tags":{"FILE_LINE_OF_CODE":"51"}}
{"ts":1664264093315,"action":"FILE_CLOSED","file":"/SimpleJWT_app/views.py","tags":{"FILE_LINE_OF_CODE":"51"}}
{"ts":1664264093315,"action":"FILE_OPENED","file":"/SimpleJWT_app/apps.py","tags":{"FILE_LINE_OF_CODE":"13"}}
{"ts":1664264096553,"action":"FILE_CLOSED","file":"/SimpleJWT_app/apps.py","tags":{"FILE_LINE_OF_CODE":"13"}}
{"ts":1664264096553,"action":"FILE_OPENED","file":"/SimpleJWT_app/encryption/encryption_rsa.py","tags":{"FILE_LINE_OF_CODE":"39"}}
{"ts":1664264286015,"action":"FILE_CLOSED","file":"/SimpleJWT_app/encryption/encryption_rsa.py","tags":{"FILE_LINE_OF_CODE":"44"}}
{"ts":1664264286015,"action":"FILE_OPENED","file":"/SimpleJWT_app/views.py","tags":{"FILE_LINE_OF_CODE":"51"}}
{"ts":1664264317423,"action":"FILE_CLOSED","file":"/SimpleJWT_app/views.py","tags":{"FILE_LINE_OF_CODE":"51"}}
{"ts":1664264317423,"action":"FILE_OPENED","file":"/SimpleJWT_app/apps.py","tags":{"FILE_LINE_OF_CODE":"13"}}
{"ts":1664264481253,"action":"FILE_CLOSED","file":"/SimpleJWT_app/apps.py","tags":{"FILE_LINE_OF_CODE":"13"}}
{"ts":1664264481253,"action":"FILE_OPENED","file":"/SimpleJWT_app/encryption/encryption_rsa.py","tags":{"FILE_LINE_OF_CODE":"44"}}
{"ts":1664264505742,"action":"FILE_CLOSED","file":"/SimpleJWT_app/encryption/encryption_rsa.py","tags":{"FILE_LINE_OF_CODE":"44"}}
{"ts":1664264505742,"action":"FILE_OPENED","file":"/SimpleJWT_app/encryption/key_save.py","tags":{"FILE_LINE_OF_CODE":"3"}}
{"ts":1664264506281,"action":"FILE_CLOSED","file":"/SimpleJWT_app/encryption/key_save.py","tags":{"FILE_LINE_OF_CODE":"3"}}
{"ts":1664264506281,"action":"FILE_OPENED","file":"/SimpleJWT_app/management/commands/super_user.py","tags":{"FILE_LINE_OF_CODE":"86"}}
{"ts":1664264506680,"action":"FILE_CLOSED","file":"/SimpleJWT_app/management/commands/super_user.py","tags":{"FILE_LINE_OF_CODE":"86"}}
{"ts":1664264506680,"action":"FILE_OPENED","file":"/commands.txt","tags":{"FILE_LINE_OF_CODE":"4"}}
{"ts":1664264509262,"action":"FILE_CLOSED","file":"/commands.txt","tags":{"FILE_LINE_OF_CODE":"4"}}
{"ts":1664264509262,"action":"FILE_OPENED","file":"/SimpleJWT_app/encryption/encryption_rsa.py","tags":{"FILE_LINE_OF_CODE":"44"}}
{"ts":1664264521075,"action":"IDE_DEACTIVATED"}
{"ts":1664264645143,"action":"IDE_ACTIVATED"}
{"ts":1664264673939,"action":"IDE_DEACTIVATED"}
{"ts":1664264862850,"action":"IDE_ACTIVATED"}
{"ts":1664264912891,"action":"IDE_DEACTIVATED"}
{"ts":1664265067249,"action":"IDE_ACTIVATED"}
{"ts":1664265085842,"action":"IDE_DEACTIVATED"}
{"ts":1664265108213,"action":"IDE_ACTIVATED"}
{"ts":1664265168592,"action":"IDE_DEACTIVATED"}
{"ts":1664265205018,"action":"IDE_ACTIVATED"}
{"ts":1664265214098,"action":"IDE_DEACTIVATED"}
{"ts":1664265245249,"action":"IDE_ACTIVATED"}
{"ts":1664265245773,"action":"IDE_DEACTIVATED"}
{"ts":1664265246182,"action":"IDE_ACTIVATED"}
{"ts":1664265248569,"action":"IDE_DEACTIVATED"}
{"ts":1664265249055,"action":"IDE_ACTIVATED"}
{"ts":1664265294405,"action":"IDE_DEACTIVATED"}
{"ts":1664265294991,"action":"IDE_ACTIVATED"}
{"ts":1664265366719,"action":"IDE_DEACTIVATED"}
{"ts":1664265589768,"action":"IDE_ACTIVATED"}
{"ts":1664265594284,"action":"IDE_DEACTIVATED"}
{"ts":1664265604927,"action":"IDE_ACTIVATED"}
{"ts":1664265667412,"action":"FILE_CLOSED","file":"/SimpleJWT_app/encryption/encryption_rsa.py","tags":{"FILE_LINE_OF_CODE":"46"}}
{"ts":1664265667412,"action":"FILE_OPENED","file":"/SimpleJWT_app/views.py","tags":{"FILE_LINE_OF_CODE":"51"}}
{"ts":1664265688969,"action":"FILE_CLOSED","file":"/SimpleJWT_app/views.py","tags":{"FILE_LINE_OF_CODE":"51"}}
{"ts":1664265688969,"action":"FILE_OPENED","file":"/SimpleJWT_app/apps.py","tags":{"FILE_LINE_OF_CODE":"13"}}
{"ts":1664265690157,"action":"FILE_CLOSED","file":"/SimpleJWT_app/apps.py","tags":{"FILE_LINE_OF_CODE":"13"}}
{"ts":1664265690157,"action":"FILE_OPENED","file":"/SimpleJWT_app/encryption/key_save.py","tags":{"FILE_LINE_OF_CODE":"3"}}
{"ts":1664265691512,"action":"FILE_CLOSED","file":"/SimpleJWT_app/encryption/key_save.py","tags":{"FILE_LINE_OF_CODE":"3"}}
{"ts":1664265691512,"action":"FILE_OPENED","file":"/SimpleJWT_app/views.py","tags":{"FILE_LINE_OF_CODE":"51"}}
{"ts":1664265691895,"action":"FILE_CLOSED","file":"/SimpleJWT_app/views.py","tags":{"FILE_LINE_OF_CODE":"51"}}
{"ts":1664265691895,"action":"FILE_OPENED","file":"/SimpleJWT_app/apps.py","tags":{"FILE_LINE_OF_CODE":"13"}}
{"ts":1664265692629,"action":"FILE_CLOSED","file":"/SimpleJWT_app/apps.py","tags":{"FILE_LINE_OF_CODE":"13"}}
{"ts":1664265692629,"action":"FILE_OPENED","file":"/SimpleJWT_app/encryption/encryption_rsa.py","tags":{"FILE_LINE_OF_CODE":"46"}}
{"ts":1664265711176,"action":"FILE_CLOSED","file":"/SimpleJWT_app/encryption/encryption_rsa.py","tags":{"FILE_LINE_OF_CODE":"44"}}
{"ts":1664265711176,"action":"FILE_OPENED","file":"/SimpleJWT_app/views.py","tags":{"FILE_LINE_OF_CODE":"51"}}
{"ts":1664265725201,"action":"IDE_DEACTIVATED"}
{"ts":1664265732077,"action":"IDE_ACTIVATED"}
{"ts":1664265733731,"action":"IDE_DEACTIVATED"}
{"ts":1664265743229,"action":"IDE_ACTIVATED"}
{"ts":1664265746344,"action":"FILE_CLOSED","file":"/SimpleJWT_app/views.py","tags":{"FILE_LINE_OF_CODE":"51"}}
{"ts":1664265746344,"action":"FILE_OPENED","file":"/SimpleJWT/urls.py","tags":{"FILE_LINE_OF_CODE":"27"}}
{"ts":1664265773569,"action":"IDE_DEACTIVATED"}
{"ts":1664265777395,"action":"IDE_ACTIVATED"}
{"ts":1664265778791,"action":"FILE_CLOSED","file":"/SimpleJWT/urls.py","tags":{"FILE_LINE_OF_CODE":"29"}}
{"ts":1664265778791,"action":"FILE_OPENED","file":"/SimpleJWT_app/views.py","tags":{"FILE_LINE_OF_CODE":"51"}}
{"ts":1664265792289,"action":"IDE_DEACTIVATED"}
{"ts":1664265795870,"action":"IDE_ACTIVATED"}
{"ts":1664266176034,"action":"IDE_DEACTIVATED"}
{"ts":1664266180444,"action":"IDE_ACTIVATED"}
{"ts":1664266197994,"action":"IDE_DEACTIVATED"}
{"ts":1664266198410,"action":"IDE_ACTIVATED"}
{"ts":1664266216040,"action":"IDE_DEACTIVATED"}
{"ts":1664266216118,"action":"IDE_ACTIVATED"}
{"ts":1664266621652,"action":"IDE_DEACTIVATED"}
{"ts":1664266622426,"action":"IDE_ACTIVATED"}
{"ts":1664266627309,"action":"IDE_DEACTIVATED"}
{"ts":1664266627867,"action":"IDE_ACTIVATED"}
{"ts":1664266630985,"action":"IDE_DEACTIVATED"}
{"ts":1664266631404,"action":"IDE_ACTIVATED"}
{"ts":1664266633909,"action":"IDE_DEACTIVATED"}
{"ts":1664266634317,"action":"IDE_ACTIVATED"}
{"ts":1664266812888,"action":"FILE_CLOSED","file":"/SimpleJWT_app/views.py","tags":{"FILE_LINE_OF_CODE":"55"}}
{"ts":1664266812888,"action":"FILE_OPENED","file":"/SimpleJWT_app/encryption/encryption_rsa.py","tags":{"FILE_LINE_OF_CODE":"44"}}
{"ts":1664266906442,"action":"FILE_CLOSED","file":"/SimpleJWT_app/encryption/encryption_rsa.py","tags":{"FILE_LINE_OF_CODE":"44"}}
{"ts":1664266906442,"action":"FILE_OPENED","file":"/SimpleJWT_app/views.py","tags":{"FILE_LINE_OF_CODE":"55"}}
{"ts":1664267069200,"action":"IDE_DEACTIVATED"}
{"ts":1664267092158,"action":"IDE_ACTIVATED"}
{"ts":1664267124032,"action":"IDE_DEACTIVATED"}
{"ts":1664267127043,"action":"IDE_ACTIVATED"}
{"ts":1664267179149,"action":"IDE_DEACTIVATED"}
{"ts":1664267179977,"action":"IDE_ACTIVATED"}
{"ts":1664267180931,"action":"IDE_DEACTIVATED"}
{"ts":1664267237519,"action":"IDE_ACTIVATED"}
{"ts":1664267243615,"action":"IDE_DEACTIVATED"}
{"ts":1664267248622,"action":"IDE_ACTIVATED"}
{"ts":1664267251609,"action":"IDE_DEACTIVATED"}
{"ts":1664267290501,"action":"IDE_ACTIVATED"}
{"ts":1664267290968,"action":"IDE_DEACTIVATED"}
{"ts":1664267299884,"action":"IDE_ACTIVATED"}
{"ts":1664267355155,"action":"IDE_DEACTIVATED"}
{"ts":1664267356973,"action":"IDE_ACTIVATED"}
{"ts":1664267357502,"action":"IDE_DEACTIVATED"}
{"ts":1664267359265,"action":"IDE_ACTIVATED"}
{"ts":1664267360232,"action":"IDE_DEACTIVATED"}
{"ts":1664267360733,"action":"IDE_ACTIVATED"}
{"ts":1664267493221,"action":"IDE_DEACTIVATED"}
{"ts":1664267494140,"action":"IDE_ACTIVATED"}
{"ts":1664267496071,"action":"IDE_DEACTIVATED"}
{"ts":1664267496526,"action":"IDE_ACTIVATED"}
{"ts":1664267499206,"action":"IDE_DEACTIVATED"}
{"ts":1664267499675,"action":"IDE_ACTIVATED"}
{"ts":1664267502934,"action":"IDE_DEACTIVATED"}
{"ts":1664267503379,"action":"IDE_ACTIVATED"}
{"ts":1664267505187,"action":"IDE_DEACTIVATED"}
{"ts":1664267505543,"action":"IDE_ACTIVATED"}
{"ts":1664267508780,"action":"FILE_CLOSED","file":"/SimpleJWT_app/views.py","tags":{"FILE_LINE_OF_CODE":"60"}}
{"ts":1664267508780,"action":"FILE_OPENED","file":"/SimpleJWT_app/seralizers.py","tags":{"FILE_LINE_OF_CODE":"20"}}
{"ts":1664267513267,"action":"IDE_DEACTIVATED"}
{"ts":1664267514230,"action":"IDE_ACTIVATED"}
{"ts":1664267515050,"action":"IDE_DEACTIVATED"}
{"ts":1664267515484,"action":"IDE_ACTIVATED"}
{"ts":1664267554452,"action":"FILE_CLOSED","file":"/SimpleJWT_app/seralizers.py","tags":{"FILE_LINE_OF_CODE":"20"}}
{"ts":1664267554452,"action":"FILE_OPENED","file":"/SimpleJWT_app/views.py","tags":{"FILE_LINE_OF_CODE":"60"}}
{"ts":1664267555327,"action":"IDE_DEACTIVATED"}
{"ts":1664267556470,"action":"IDE_ACTIVATED"}
{"ts":1664267560666,"action":"IDE_DEACTIVATED"}
{"ts":1664267560988,"action":"IDE_ACTIVATED"}
{"ts":1664267572364,"action":"IDE_DEACTIVATED"}
{"ts":1664267572721,"action":"IDE_ACTIVATED"}
{"ts":1664267573394,"action":"IDE_DEACTIVATED"}
{"ts":1664267573806,"action":"IDE_ACTIVATED"}
{"ts":1664267579671,"action":"IDE_DEACTIVATED"}
{"ts":1664267580131,"action":"IDE_ACTIVATED"}
{"ts":1664267633080,"action":"IDE_DEACTIVATED"}
{"ts":1664267637794,"action":"IDE_ACTIVATED"}
{"ts":1664267641296,"action":"IDE_DEACTIVATED"}
{"ts":1664267680651,"action":"IDE_ACTIVATED"}
{"ts":1664267990428,"action":"FILE_CLOSED","file":"/SimpleJWT_app/views.py","tags":{"FILE_LINE_OF_CODE":"65"}}
{"ts":1664267990428,"action":"FILE_OPENED","file":"/SimpleJWT/settings.py","tags":{"FILE_LINE_OF_CODE":"147"}}
{"ts":1664267995356,"action":"IDE_DEACTIVATED"}
{"ts":1664267996019,"action":"IDE_ACTIVATED"}
{"ts":1664268022622,"action":"IDE_DEACTIVATED"}
{"ts":1664268026879,"action":"IDE_ACTIVATED"}
{"ts":1664268045390,"action":"FILE_CLOSED","file":"/SimpleJWT/settings.py","tags":{"FILE_LINE_OF_CODE":"147"}}
{"ts":1664268045390,"action":"FILE_OPENED","file":"/SimpleJWT_app/views.py","tags":{"FILE_LINE_OF_CODE":"65"}}
{"ts":1664268076452,"action":"IDE_DEACTIVATED"}
{"ts":1664268077032,"action":"IDE_ACTIVATED"}
{"ts":1664268082338,"action":"IDE_DEACTIVATED"}
{"ts":1664268082693,"action":"IDE_ACTIVATED"}
{"ts":1664268308086,"action":"IDE_DEACTIVATED"}
{"ts":1664268308655,"action":"IDE_ACTIVATED"}
{"ts":1664268325722,"action":"IDE_DEACTIVATED"}
{"ts":1664268326119,"action":"IDE_ACTIVATED"}
{"ts":1664268347869,"action":"IDE_DEACTIVATED"}
{"ts":1664268348340,"action":"IDE_ACTIVATED"}
{"ts":1664268357518,"action":"IDE_DEACTIVATED"}
{"ts":1664268373106,"action":"IDE_ACTIVATED"}
{"ts":1664268404321,"action":"IDE_DEACTIVATED"}
{"ts":1664268405022,"action":"IDE_ACTIVATED"}
{"ts":1664268416947,"action":"IDE_DEACTIVATED"}
{"ts":1664268417323,"action":"IDE_ACTIVATED"}
{"ts":1664268421782,"action":"FILE_CLOSED","file":"/SimpleJWT_app/views.py","tags":{"FILE_LINE_OF_CODE":"65"}}
{"ts":1664268421782,"action":"FILE_OPENED","file":"/SimpleJWT/urls.py","tags":{"FILE_LINE_OF_CODE":"29"}}
{"ts":1664268427268,"action":"IDE_DEACTIVATED"}
{"ts":1664268428175,"action":"IDE_ACTIVATED"}
{"ts":1664268440385,"action":"IDE_DEACTIVATED"}
{"ts":1664268441379,"action":"IDE_ACTIVATED"}
{"ts":1664268480646,"action":"IDE_DEACTIVATED"}
{"ts":1664268481059,"action":"IDE_ACTIVATED"}
{"ts":1664268487130,"action":"IDE_DEACTIVATED"}
{"ts":1664268487590,"action":"IDE_ACTIVATED"}
{"ts":1664268495445,"action":"FILE_CLOSED","file":"/SimpleJWT/urls.py","tags":{"FILE_LINE_OF_CODE":"30"}}
{"ts":1664268495445,"action":"FILE_OPENED","file":"/SimpleJWT_app/views.py","tags":{"FILE_LINE_OF_CODE":"65"}}
{"ts":1664268499294,"action":"IDE_DEACTIVATED"}
{"ts":1664268499746,"action":"IDE_ACTIVATED"}
{"ts":1664268743462,"action":"IDE_DEACTIVATED"}
{"ts":1664268744009,"action":"IDE_ACTIVATED"}
{"ts":1664268750560,"action":"FILE_CLOSED","file":"/SimpleJWT_app/views.py","tags":{"FILE_LINE_OF_CODE":"65"}}
{"ts":1664268750560,"action":"FILE_OPENED","file":"/SimpleJWT/urls.py","tags":{"FILE_LINE_OF_CODE":"30"}}
{"ts":1664268765137,"action":"FILE_CLOSED","file":"/SimpleJWT/urls.py","tags":{"FILE_LINE_OF_CODE":"30"}}
{"ts":1664268765137,"action":"FILE_OPENED","file":"/SimpleJWT_app/views.py","tags":{"FILE_LINE_OF_CODE":"65"}}
{"ts":1664268768388,"action":"IDE_DEACTIVATED"}
{"ts":1664268769435,"action":"IDE_ACTIVATED"}
{"ts":1664268809774,"action":"IDE_DEACTIVATED"}
{"ts":1664268810675,"action":"IDE_ACTIVATED"}
{"ts":1664268822254,"action":"IDE_DEACTIVATED"}
{"ts":1664268834596,"action":"IDE_ACTIVATED"}
{"ts":1664268836905,"action":"IDE_DEACTIVATED"}
{"ts":1664268838286,"action":"IDE_ACTIVATED"}
{"ts":1664268839734,"action":"FILE_CLOSED","file":"/SimpleJWT_app/views.py","tags":{"FILE_LINE_OF_CODE":"65"}}
{"ts":1664268839734,"action":"FILE_OPENED","file":"/SimpleJWT/urls.py","tags":{"FILE_LINE_OF_CODE":"30"}}
{"ts":1664268849990,"action":"IDE_DEACTIVATED"}
{"ts":1664269010442,"action":"IDE_ACTIVATED"}
{"ts":1664269058088,"action":"IDE_DEACTIVATED"}
{"ts":1664269059510,"action":"IDE_ACTIVATED"}
{"ts":1664269143325,"action":"IDE_DEACTIVATED"}
{"ts":1664269171724,"action":"IDE_ACTIVATED"}
{"ts":1664269172982,"action":"FILE_CLOSED","file":"/SimpleJWT/urls.py","tags":{"FILE_LINE_OF_CODE":"30"}}
{"ts":1664269172982,"action":"FILE_OPENED","file":"/SimpleJWT_app/views.py","tags":{"FILE_LINE_OF_CODE":"65"}}
{"ts":1664269187205,"action":"IDE_DEACTIVATED"}
{"ts":1664269188058,"action":"IDE_ACTIVATED"}
{"ts":1664269976944,"action":"IDE_DEACTIVATED"}
{"ts":1664269977609,"action":"IDE_ACTIVATED"}
{"ts":1664269988493,"action":"IDE_DEACTIVATED"}
{"ts":1664269990754,"action":"IDE_ACTIVATED"}
{"ts":1664269991431,"action":"IDE_DEACTIVATED"}
{"ts":1664269991865,"action":"IDE_ACTIVATED"}
{"ts":1664269993536,"action":"FILE_CLOSED","file":"/SimpleJWT_app/views.py","tags":{"FILE_LINE_OF_CODE":"65"}}
{"ts":1664269993536,"action":"FILE_OPENED","file":"/SimpleJWT_app/seralizers.py","tags":{"FILE_LINE_OF_CODE":"20"}}
{"ts":1664270002029,"action":"IDE_DEACTIVATED"}
{"ts":1664270002468,"action":"IDE_ACTIVATED"}
{"ts":1664270009484,"action":"IDE_DEACTIVATED"}
{"ts":1664270009960,"action":"IDE_ACTIVATED"}
{"ts":1664270011414,"action":"IDE_DEACTIVATED"}
{"ts":1664270011968,"action":"IDE_ACTIVATED"}
{"ts":1664270014502,"action":"IDE_DEACTIVATED"}
{"ts":1664270014986,"action":"IDE_ACTIVATED"}
{"ts":1664270025442,"action":"IDE_DEACTIVATED"}
{"ts":1664270026091,"action":"IDE_ACTIVATED"}
{"ts":1664270031257,"action":"IDE_DEACTIVATED"}
{"ts":1664270031651,"action":"IDE_ACTIVATED"}
{"ts":1664270434149,"action":"FILE_CLOSED","file":"/SimpleJWT_app/seralizers.py","tags":{"FILE_LINE_OF_CODE":"20"}}
{"ts":1664270434149,"action":"FILE_OPENED","file":"/SimpleJWT_app/views.py","tags":{"FILE_LINE_OF_CODE":"65"}}
{"ts":1664270439477,"action":"IDE_DEACTIVATED"}
{"ts":1664270440001,"action":"IDE_ACTIVATED"}
{"ts":1664270442376,"action":"IDE_DEACTIVATED"}
{"ts":1664270442745,"action":"IDE_ACTIVATED"}
{"ts":1664270443646,"action":"FILE_CLOSED","file":"/SimpleJWT_app/views.py","tags":{"FILE_LINE_OF_CODE":"65"}}
{"ts":1664270443646,"action":"FILE_OPENED","file":"/SimpleJWT_app/seralizers.py","tags":{"FILE_LINE_OF_CODE":"20"}}
{"ts":1664270445414,"action":"FILE_CLOSED","file":"/SimpleJWT_app/seralizers.py","tags":{"FILE_LINE_OF_CODE":"20"}}
{"ts":1664270445414,"action":"FILE_OPENED","file":"/SimpleJWT_app/views.py","tags":{"FILE_LINE_OF_CODE":"65"}}
{"ts":1664270447429,"action":"IDE_DEACTIVATED"}
{"ts":1664270448068,"action":"IDE_ACTIVATED"}
{"ts":1664270452831,"action":"IDE_DEACTIVATED"}
{"ts":1664270453224,"action":"IDE_ACTIVATED"}
{"ts":1664270457039,"action":"IDE_DEACTIVATED"}
{"ts":1664270457424,"action":"IDE_ACTIVATED"}
{"ts":1664270458898,"action":"IDE_DEACTIVATED"}
{"ts":1664270459283,"action":"IDE_ACTIVATED"}
{"ts":1664270462419,"action":"FILE_CLOSED","file":"/SimpleJWT_app/views.py","tags":{"FILE_LINE_OF_CODE":"65"}}
{"ts":1664270462435,"action":"PROJECT_CLOSED","tags":{"PROJECT_NAME":"SimpleJWT"}}
{"ts":1664270650482,"action":"FILE_OPENED","file":"/SimpleJWT_app/views.py","tags":{"FILE_LINE_OF_CODE":"65"}}
{"ts":1664270650732,"action":"PROJECT_OPENED","tags":{"PROJECT_NAME":"SimpleJWT"}}
{"ts":1664270682853,"action":"FILE_CLOSED","file":"/SimpleJWT_app/views.py","tags":{"FILE_LINE_OF_CODE":"65"}}
{"ts":1664270682853,"action":"FILE_OPENED","file":"/SimpleJWT/urls.py","tags":{"FILE_LINE_OF_CODE":"30"}}
{"ts":1664270700916,"action":"IDE_DEACTIVATED"}
{"ts":1664270702128,"action":"IDE_ACTIVATED"}
{"ts":1664270712004,"action":"IDE_DEACTIVATED"}
{"ts":1664270713705,"action":"IDE_ACTIVATED"}
{"ts":1664270718788,"action":"IDE_DEACTIVATED"}
{"ts":1664270719404,"action":"IDE_ACTIVATED"}
{"ts":1664270720613,"action":"IDE_DEACTIVATED"}
{"ts":1664270721054,"action":"IDE_ACTIVATED"}
{"ts":1664270735052,"action":"IDE_DEACTIVATED"}
{"ts":1664270735623,"action":"IDE_ACTIVATED"}
{"ts":1664270743196,"action":"IDE_DEACTIVATED"}
{"ts":1664270743792,"action":"IDE_ACTIVATED"}
{"ts":1664270746564,"action":"IDE_DEACTIVATED"}
{"ts":1664270747032,"action":"IDE_ACTIVATED"}
{"ts":1664270748581,"action":"IDE_DEACTIVATED"}
{"ts":1664270749057,"action":"IDE_ACTIVATED"}
{"ts":1664270750684,"action":"IDE_DEACTIVATED"}
{"ts":1664270752325,"action":"IDE_ACTIVATED"}
{"ts":1664270752740,"action":"IDE_DEACTIVATED"}
{"ts":1664270753249,"action":"IDE_ACTIVATED"}
{"ts":1664270925469,"action":"IDE_DEACTIVATED"}
{"ts":1664270962720,"action":"IDE_ACTIVATED"}
{"ts":1664270968508,"action":"IDE_DEACTIVATED"}
{"ts":1664270969511,"action":"IDE_ACTIVATED"}
{"ts":1664270970285,"action":"FILE_CLOSED","file":"/SimpleJWT/urls.py","tags":{"FILE_LINE_OF_CODE":"33"}}
{"ts":1664270970285,"action":"FILE_OPENED","file":"/SimpleJWT_app/views.py","tags":{"FILE_LINE_OF_CODE":"65"}}
{"ts":1664270976285,"action":"IDE_DEACTIVATED"}
{"ts":1664270983298,"action":"IDE_ACTIVATED"}
{"ts":1664271021250,"action":"FILE_CLOSED","file":"/SimpleJWT_app/views.py","tags":{"FILE_LINE_OF_CODE":"65"}}
{"ts":1664271021251,"action":"FILE_OPENED","file":"/SimpleJWT/urls.py","tags":{"FILE_LINE_OF_CODE":"33"}}
{"ts":1664271029707,"action":"FILE_CLOSED","file":"/SimpleJWT/urls.py","tags":{"FILE_LINE_OF_CODE":"33"}}
{"ts":1664271029707,"action":"FILE_OPENED","file":"/SimpleJWT_app/seralizers.py","tags":{"FILE_LINE_OF_CODE":"24"}}
{"ts":1664271043121,"action":"FILE_CLOSED","file":"/SimpleJWT_app/seralizers.py","tags":{"FILE_LINE_OF_CODE":"24"}}
{"ts":1664271043121,"action":"FILE_OPENED","file":"/SimpleJWT/urls.py","tags":{"FILE_LINE_OF_CODE":"33"}}
{"ts":1664271052506,"action":"FILE_CLOSED","file":"/SimpleJWT/urls.py","tags":{"FILE_LINE_OF_CODE":"33"}}
{"ts":1664271052506,"action":"FILE_OPENED","file":"/SimpleJWT/settings.py","tags":{"FILE_LINE_OF_CODE":"147"}}
{"ts":1664271053137,"action":"FILE_CLOSED","file":"/SimpleJWT/settings.py","tags":{"FILE_LINE_OF_CODE":"147"}}
{"ts":1664271053137,"action":"FILE_OPENED","file":"/SimpleJWT_app/models.py","tags":{"FILE_LINE_OF_CODE":"5"}}
{"ts":1664271054185,"action":"FILE_CLOSED","file":"/SimpleJWT_app/models.py","tags":{"FILE_LINE_OF_CODE":"5"}}
{"ts":1664271054185,"action":"FILE_OPENED","file":"/SimpleJWT_app/apps.py","tags":{"FILE_LINE_OF_CODE":"13"}}
{"ts":1664271055446,"action":"FILE_CLOSED","file":"/SimpleJWT_app/apps.py","tags":{"FILE_LINE_OF_CODE":"13"}}
{"ts":1664271055446,"action":"FILE_OPENED","file":"/SimpleJWT_app/seralizers.py","tags":{"FILE_LINE_OF_CODE":"24"}}
{"ts":1664271063834,"action":"FILE_CLOSED","file":"/SimpleJWT_app/seralizers.py","tags":{"FILE_LINE_OF_CODE":"22"}}
{"ts":1664271063834,"action":"FILE_OPENED","file":"/SimpleJWT/urls.py","tags":{"FILE_LINE_OF_CODE":"33"}}
{"ts":1664271066585,"action":"FILE_CLOSED","file":"/SimpleJWT/urls.py","tags":{"FILE_LINE_OF_CODE":"33"}}
{"ts":1664271066585,"action":"FILE_OPENED","file":"/SimpleJWT_app/seralizers.py","tags":{"FILE_LINE_OF_CODE":"22"}}
{"ts":1664271071765,"action":"FILE_CLOSED","file":"/SimpleJWT_app/seralizers.py","tags":{"FILE_LINE_OF_CODE":"22"}}
{"ts":1664271071765,"action":"FILE_OPENED","file":"/SimpleJWT/urls.py","tags":{"FILE_LINE_OF_CODE":"33"}}
{"ts":1664271073264,"action":"IDE_DEACTIVATED"}
{"ts":1664271091338,"action":"IDE_ACTIVATED"}
{"ts":1664271094830,"action":"IDE_DEACTIVATED"}
{"ts":1664271101882,"action":"IDE_ACTIVATED"}
{"ts":1664271246919,"action":"IDE_DEACTIVATED"}
{"ts":1664271248399,"action":"IDE_ACTIVATED"}
{"ts":1664271253593,"action":"FILE_CLOSED","file":"/SimpleJWT/urls.py","tags":{"FILE_LINE_OF_CODE":"33"}}
{"ts":1664271253593,"action":"FILE_OPENED","file":"/SimpleJWT_app/views.py","tags":{"FILE_LINE_OF_CODE":"65"}}
{"ts":1664271261826,"action":"FILE_CLOSED","file":"/SimpleJWT_app/views.py","tags":{"FILE_LINE_OF_CODE":"65"}}
{"ts":1664271261826,"action":"FILE_OPENED","file":"/SimpleJWT/urls.py","tags":{"FILE_LINE_OF_CODE":"33"}}
{"ts":1664271274955,"action":"IDE_DEACTIVATED"}
{"ts":1664271279847,"action":"IDE_ACTIVATED"}
{"ts":1664271281214,"action":"IDE_DEACTIVATED"}
{"ts":1664271281927,"action":"IDE_ACTIVATED"}
{"ts":1664271285339,"action":"IDE_DEACTIVATED"}
{"ts":1664271312833,"action":"IDE_ACTIVATED"}
{"ts":1664271315564,"action":"IDE_DEACTIVATED"}
{"ts":1664271322350,"action":"IDE_ACTIVATED"}
{"ts":1664271323723,"action":"IDE_DEACTIVATED"}
{"ts":1664271647701,"action":"IDE_ACTIVATED"}
{"ts":1664271652235,"action":"IDE_DEACTIVATED"}
{"ts":1664271668057,"action":"IDE_ACTIVATED"}
{"ts":1664271683060,"action":"FILE_CLOSED","file":"/SimpleJWT/urls.py","tags":{"FILE_LINE_OF_CODE":"33"}}
{"ts":1664271683078,"action":"PROJECT_CLOSED","tags":{"PROJECT_NAME":"SimpleJWT"}}
{"ts":1664322955398,"action":"FILE_OPENED","file":"/SimpleJWT_app/views.py","tags":{"FILE_LINE_OF_CODE":"65"}}
{"ts":1664322956823,"action":"PROJECT_OPENED","tags":{"PROJECT_NAME":"SimpleJWT"}}
{"ts":1664322962149,"action":"IDE_DEACTIVATED"}
{"ts":1664326372917,"action":"IDE_ACTIVATED"}
{"ts":1664326381828,"action":"IDE_DEACTIVATED"}
{"ts":1664326387687,"action":"IDE_ACTIVATED"}
{"ts":1664326457636,"action":"IDE_DEACTIVATED"}
{"ts":1664326458941,"action":"IDE_ACTIVATED"}
{"ts":1664326462376,"action":"IDE_DEACTIVATED"}
{"ts":1664326467859,"action":"IDE_ACTIVATED"}
{"ts":1664326701614,"action":"IDE_DEACTIVATED"}
{"ts":1664326702111,"action":"IDE_ACTIVATED"}
{"ts":1664326714771,"action":"IDE_DEACTIVATED"}
{"ts":1664326715568,"action":"IDE_ACTIVATED"}
{"ts":1664326721566,"action":"FILE_CLOSED","file":"/SimpleJWT_app/views.py","tags":{"FILE_LINE_OF_CODE":"68"}}
{"ts":1664326721566,"action":"FILE_OPENED","file":"/requirements.txt","tags":{"FILE_LINE_OF_CODE":"14"}}
{"ts":1664326770350,"action":"FILE_CLOSED","file":"/requirements.txt","tags":{"FILE_LINE_OF_CODE":"8"}}
{"ts":1664326770350,"action":"FILE_OPENED","file":"/SimpleJWT_app/views.py","tags":{"FILE_LINE_OF_CODE":"68"}}
{"ts":1664327020797,"action":"IDE_DEACTIVATED"}
{"ts":1664327022883,"action":"IDE_ACTIVATED"}
{"ts":1664327023844,"action":"IDE_DEACTIVATED"}
{"ts":1664327024331,"action":"IDE_ACTIVATED"}
{"ts":1664327027501,"action":"IDE_DEACTIVATED"}
{"ts":1664327028180,"action":"IDE_ACTIVATED"}
{"ts":1664327035986,"action":"IDE_DEACTIVATED"}
{"ts":1664327036125,"action":"IDE_ACTIVATED"}
{"ts":1664327040419,"action":"IDE_DEACTIVATED"}
{"ts":1664327040553,"action":"IDE_ACTIVATED"}
{"ts":1664327057750,"action":"FILE_CLOSED","file":"/SimpleJWT_app/views.py","tags":{"FILE_LINE_OF_CODE":"73"}}
{"ts":1664327057750,"action":"FILE_OPENED","file":"/templates/index.html","tags":{"FILE_LINE_OF_CODE":"10"}}
{"ts":1664327082989,"action":"FILE_CLOSED","file":"/templates/index.html","tags":{"FILE_LINE_OF_CODE":"12"}}
{"ts":1664327082989,"action":"FILE_OPENED","file":"/SimpleJWT_app/views.py","tags":{"FILE_LINE_OF_CODE":"73"}}
{"ts":1664327092028,"action":"IDE_DEACTIVATED"}
{"ts":1664327165391,"action":"IDE_ACTIVATED"}
{"ts":1664327203988,"action":"IDE_DEACTIVATED"}
{"ts":1664327205951,"action":"IDE_ACTIVATED"}
{"ts":1664327207079,"action":"IDE_DEACTIVATED"}
{"ts":1664327212336,"action":"IDE_ACTIVATED"}
{"ts":1664327213380,"action":"FILE_CLOSED","file":"/SimpleJWT_app/views.py","tags":{"FILE_LINE_OF_CODE":"75"}}
{"ts":1664327213380,"action":"FILE_OPENED","file":"/SimpleJWT/urls.py","tags":{"FILE_LINE_OF_CODE":"33"}}
{"ts":1664327252777,"action":"IDE_DEACTIVATED"}
{"ts":1664327265824,"action":"IDE_ACTIVATED"}
{"ts":1664327272085,"action":"FILE_CLOSED","file":"/SimpleJWT/urls.py","tags":{"FILE_LINE_OF_CODE":"34"}}
{"ts":1664327272085,"action":"FILE_OPENED","file":"/SimpleJWT_app/views.py","tags":{"FILE_LINE_OF_CODE":"75"}}
{"ts":1664327281076,"action":"IDE_DEACTIVATED"}
{"ts":1664327284488,"action":"IDE_ACTIVATED"}
{"ts":1664327285205,"action":"IDE_DEACTIVATED"}
{"ts":1664327285625,"action":"IDE_ACTIVATED"}
{"ts":1664327605300,"action":"FILE_CLOSED","file":"/SimpleJWT_app/views.py","tags":{"FILE_LINE_OF_CODE":"75"}}
{"ts":1664327605300,"action":"FILE_OPENED","file":"/SimpleJWT/settings.py","tags":{"FILE_LINE_OF_CODE":"147"}}
{"ts":1664327612586,"action":"IDE_DEACTIVATED"}
{"ts":1664327613404,"action":"IDE_ACTIVATED"}
{"ts":1664327617448,"action":"IDE_DEACTIVATED"}
{"ts":1664327618729,"action":"IDE_ACTIVATED"}
{"ts":1664327639534,"action":"IDE_DEACTIVATED"}
{"ts":1664327639655,"action":"IDE_ACTIVATED"}
{"ts":1664327640395,"action":"IDE_DEACTIVATED"}
{"ts":1664327640769,"action":"IDE_ACTIVATED"}
{"ts":1664327647215,"action":"IDE_DEACTIVATED"}
{"ts":1664327647679,"action":"IDE_ACTIVATED"}
{"ts":1664327693485,"action":"FILE_CLOSED","file":"/SimpleJWT/settings.py","tags":{"FILE_LINE_OF_CODE":"144"}}
{"ts":1664327693485,"action":"FILE_OPENED","file":"/SimpleJWT_app/views.py","tags":{"FILE_LINE_OF_CODE":"75"}}
{"ts":1664327705761,"action":"FILE_CLOSED","file":"/SimpleJWT_app/views.py","tags":{"FILE_LINE_OF_CODE":"75"}}
{"ts":1664327705761,"action":"FILE_OPENED","file":"/SimpleJWT_app/models.py","tags":{"FILE_LINE_OF_CODE":"5"}}
{"ts":1664327713776,"action":"FILE_CLOSED","file":"/SimpleJWT_app/models.py","tags":{"FILE_LINE_OF_CODE":"5"}}
{"ts":1664327713776,"action":"FILE_OPENED","file":"/SimpleJWT_app/views.py","tags":{"FILE_LINE_OF_CODE":"75"}}
{"ts":1664327720867,"action":"IDE_DEACTIVATED"}
{"ts":1664327823304,"action":"IDE_ACTIVATED"}
{"ts":1664327831848,"action":"IDE_DEACTIVATED"}
{"ts":1664328268249,"action":"IDE_ACTIVATED"}
{"ts":1664328735009,"action":"IDE_DEACTIVATED"}
{"ts":1664328749511,"action":"IDE_ACTIVATED"}
{"ts":1664328766678,"action":"IDE_DEACTIVATED"}
{"ts":1664328774175,"action":"IDE_ACTIVATED"}
{"ts":1664328775898,"action":"IDE_DEACTIVATED"}
{"ts":1664328816860,"action":"IDE_ACTIVATED"}
{"ts":1664328830866,"action":"IDE_DEACTIVATED"}
{"ts":1664328859294,"action":"IDE_ACTIVATED"}
{"ts":1664328880983,"action":"IDE_DEACTIVATED"}
{"ts":1664328882399,"action":"IDE_ACTIVATED"}
{"ts":1664328882689,"action":"IDE_DEACTIVATED"}
{"ts":1664328892023,"action":"IDE_ACTIVATED"}
{"ts":1664328897799,"action":"IDE_DEACTIVATED"}
{"ts":1664328898686,"action":"IDE_ACTIVATED"}
{"ts":1664328917205,"action":"IDE_DEACTIVATED"}
{"ts":1664328918286,"action":"IDE_ACTIVATED"}
{"ts":1664328918302,"action":"IDE_DEACTIVATED"}
{"ts":1664328918306,"action":"IDE_ACTIVATED"}
{"ts":1664329162548,"action":"IDE_DEACTIVATED"}
{"ts":1664329176568,"action":"IDE_ACTIVATED"}
{"ts":1664329187380,"action":"IDE_DEACTIVATED"}
{"ts":1664329279191,"action":"IDE_ACTIVATED"}
